============================================================
JMdict Multilingual Import
============================================================
Source: data/JMdict_e
Target: data/dictionary_full_multilingual.sqlite

Creating database: data/dictionary_full_multilingual.sqlite
Parsing XML: data/JMdict_e
Imported 1000 entries, 1730 senses (CN-simp: 0, CN-trad: 0)...
Imported 2000 entries, 2995 senses (CN-simp: 0, CN-trad: 0)...
Imported 3000 entries, 4140 senses (CN-simp: 0, CN-trad: 0)...
Imported 4000 entries, 5358 senses (CN-simp: 0, CN-trad: 0)...
Imported 5000 entries, 6501 senses (CN-simp: 0, CN-trad: 0)...
Imported 6000 entries, 7662 senses (CN-simp: 0, CN-trad: 0)...
Imported 7000 entries, 8964 senses (CN-simp: 0, CN-trad: 0)...
Imported 8000 entries, 10127 senses (CN-simp: 0, CN-trad: 0)...
Imported 9000 entries, 11338 senses (CN-simp: 0, CN-trad: 0)...
Imported 10000 entries, 12532 senses (CN-simp: 0, CN-trad: 0)...
Imported 11000 entries, 13727 senses (CN-simp: 0, CN-trad: 0)...
Imported 12000 entries, 14934 senses (CN-simp: 0, CN-trad: 0)...
Imported 13000 entries, 16115 senses (CN-simp: 0, CN-trad: 0)...
Imported 14000 entries, 17440 senses (CN-simp: 0, CN-trad: 0)...
Imported 15000 entries, 18820 senses (CN-simp: 0, CN-trad: 0)...
Imported 16000 entries, 20154 senses (CN-simp: 0, CN-trad: 0)...
Imported 17000 entries, 21461 senses (CN-simp: 0, CN-trad: 0)...
Imported 18000 entries, 22729 senses (CN-simp: 0, CN-trad: 0)...
Imported 19000 entries, 24114 senses (CN-simp: 0, CN-trad: 0)...
Imported 20000 entries, 25440 senses (CN-simp: 0, CN-trad: 0)...
Imported 21000 entries, 26735 senses (CN-simp: 0, CN-trad: 0)...
Imported 22000 entries, 27984 senses (CN-simp: 0, CN-trad: 0)...
Imported 23000 entries, 29312 senses (CN-simp: 0, CN-trad: 0)...
Imported 24000 entries, 30654 senses (CN-simp: 0, CN-trad: 0)...
Imported 25000 entries, 31963 senses (CN-simp: 0, CN-trad: 0)...
Imported 26000 entries, 33238 senses (CN-simp: 0, CN-trad: 0)...
Imported 27000 entries, 34548 senses (CN-simp: 0, CN-trad: 0)...
Imported 28000 entries, 35847 senses (CN-simp: 0, CN-trad: 0)...
Imported 29000 entries, 37143 senses (CN-simp: 0, CN-trad: 0)...
Imported 30000 entries, 38413 senses (CN-simp: 0, CN-trad: 0)...
Imported 31000 entries, 39769 senses (CN-simp: 0, CN-trad: 0)...
Imported 32000 entries, 41113 senses (CN-simp: 0, CN-trad: 0)...
Imported 33000 entries, 42528 senses (CN-simp: 0, CN-trad: 0)...
Imported 34000 entries, 43900 senses (CN-simp: 0, CN-trad: 0)...
Imported 35000 entries, 45197 senses (CN-simp: 0, CN-trad: 0)...
Imported 36000 entries, 46624 senses (CN-simp: 0, CN-trad: 0)...
Imported 37000 entries, 47921 senses (CN-simp: 0, CN-trad: 0)...
Imported 38000 entries, 49229 senses (CN-simp: 0, CN-trad: 0)...
Imported 39000 entries, 50615 senses (CN-simp: 0, CN-trad: 0)...
Imported 40000 entries, 51957 senses (CN-simp: 0, CN-trad: 0)...
Imported 41000 entries, 53368 senses (CN-simp: 0, CN-trad: 0)...
Imported 42000 entries, 54707 senses (CN-simp: 0, CN-trad: 0)...
Imported 43000 entries, 56060 senses (CN-simp: 0, CN-trad: 0)...
Imported 44000 entries, 57353 senses (CN-simp: 0, CN-trad: 0)...
Imported 45000 entries, 58708 senses (CN-simp: 0, CN-trad: 0)...
Imported 46000 entries, 59990 senses (CN-simp: 0, CN-trad: 0)...
Imported 47000 entries, 61287 senses (CN-simp: 0, CN-trad: 0)...
Imported 48000 entries, 62560 senses (CN-simp: 0, CN-trad: 0)...
Imported 49000 entries, 63830 senses (CN-simp: 0, CN-trad: 0)...
Imported 50000 entries, 65192 senses (CN-simp: 0, CN-trad: 0)...
Imported 51000 entries, 66467 senses (CN-simp: 0, CN-trad: 0)...
Imported 52000 entries, 67838 senses (CN-simp: 0, CN-trad: 0)...
Imported 53000 entries, 69127 senses (CN-simp: 0, CN-trad: 0)...
Imported 54000 entries, 70430 senses (CN-simp: 0, CN-trad: 0)...
Imported 55000 entries, 72008 senses (CN-simp: 0, CN-trad: 0)...
Imported 56000 entries, 73579 senses (CN-simp: 0, CN-trad: 0)...
Imported 57000 entries, 75231 senses (CN-simp: 0, CN-trad: 0)...
Imported 58000 entries, 76552 senses (CN-simp: 0, CN-trad: 0)...
Imported 59000 entries, 77728 senses (CN-simp: 0, CN-trad: 0)...
Imported 60000 entries, 79004 senses (CN-simp: 0, CN-trad: 0)...
Imported 61000 entries, 80204 senses (CN-simp: 0, CN-trad: 0)...
Imported 62000 entries, 81393 senses (CN-simp: 0, CN-trad: 0)...
Imported 63000 entries, 82529 senses (CN-simp: 0, CN-trad: 0)...
Imported 64000 entries, 83638 senses (CN-simp: 0, CN-trad: 0)...
Imported 65000 entries, 84742 senses (CN-simp: 0, CN-trad: 0)...
Imported 66000 entries, 85867 senses (CN-simp: 0, CN-trad: 0)...
Imported 67000 entries, 86984 senses (CN-simp: 0, CN-trad: 0)...
Imported 68000 entries, 88123 senses (CN-simp: 0, CN-trad: 0)...
Imported 69000 entries, 89238 senses (CN-simp: 0, CN-trad: 0)...
Imported 70000 entries, 90342 senses (CN-simp: 0, CN-trad: 0)...
Imported 71000 entries, 91463 senses (CN-simp: 0, CN-trad: 0)...
Imported 72000 entries, 92581 senses (CN-simp: 0, CN-trad: 0)...
Imported 73000 entries, 93733 senses (CN-simp: 0, CN-trad: 0)...
Imported 74000 entries, 94879 senses (CN-simp: 0, CN-trad: 0)...
Imported 75000 entries, 95991 senses (CN-simp: 0, CN-trad: 0)...
Imported 76000 entries, 97120 senses (CN-simp: 0, CN-trad: 0)...
Imported 77000 entries, 98214 senses (CN-simp: 0, CN-trad: 0)...
Imported 78000 entries, 99339 senses (CN-simp: 0, CN-trad: 0)...
Imported 79000 entries, 100489 senses (CN-simp: 0, CN-trad: 0)...
Imported 80000 entries, 101686 senses (CN-simp: 0, CN-trad: 0)...
Imported 81000 entries, 102732 senses (CN-simp: 0, CN-trad: 0)...
Imported 82000 entries, 103768 senses (CN-simp: 0, CN-trad: 0)...
Imported 83000 entries, 104838 senses (CN-simp: 0, CN-trad: 0)...
Imported 84000 entries, 105894 senses (CN-simp: 0, CN-trad: 0)...
Imported 85000 entries, 106978 senses (CN-simp: 0, CN-trad: 0)...
Imported 86000 entries, 108002 senses (CN-simp: 0, CN-trad: 0)...
Imported 87000 entries, 109047 senses (CN-simp: 0, CN-trad: 0)...
Imported 88000 entries, 110226 senses (CN-simp: 0, CN-trad: 0)...
Imported 89000 entries, 111238 senses (CN-simp: 0, CN-trad: 0)...
Imported 90000 entries, 112321 senses (CN-simp: 0, CN-trad: 0)...
Imported 91000 entries, 113362 senses (CN-simp: 0, CN-trad: 0)...
Imported 92000 entries, 114417 senses (CN-simp: 0, CN-trad: 0)...
Imported 93000 entries, 115645 senses (CN-simp: 0, CN-trad: 0)...
Imported 94000 entries, 116789 senses (CN-simp: 0, CN-trad: 0)...
Imported 95000 entries, 118008 senses (CN-simp: 0, CN-trad: 0)...
Imported 96000 entries, 119052 senses (CN-simp: 0, CN-trad: 0)...
Imported 97000 entries, 120137 senses (CN-simp: 0, CN-trad: 0)...
Imported 98000 entries, 121279 senses (CN-simp: 0, CN-trad: 0)...
Imported 99000 entries, 122449 senses (CN-simp: 0, CN-trad: 0)...
Imported 100000 entries, 123634 senses (CN-simp: 0, CN-trad: 0)...
Imported 101000 entries, 124751 senses (CN-simp: 0, CN-trad: 0)...
Imported 102000 entries, 125871 senses (CN-simp: 0, CN-trad: 0)...
Imported 103000 entries, 126984 senses (CN-simp: 0, CN-trad: 0)...
Imported 104000 entries, 128044 senses (CN-simp: 0, CN-trad: 0)...
Imported 105000 entries, 129176 senses (CN-simp: 0, CN-trad: 0)...
Imported 106000 entries, 130292 senses (CN-simp: 0, CN-trad: 0)...
Imported 107000 entries, 131365 senses (CN-simp: 0, CN-trad: 0)...
Imported 108000 entries, 132494 senses (CN-simp: 0, CN-trad: 0)...
Imported 109000 entries, 133623 senses (CN-simp: 0, CN-trad: 0)...
Imported 110000 entries, 134707 senses (CN-simp: 0, CN-trad: 0)...
Imported 111000 entries, 135801 senses (CN-simp: 0, CN-trad: 0)...
Imported 112000 entries, 136935 senses (CN-simp: 0, CN-trad: 0)...
Imported 113000 entries, 138092 senses (CN-simp: 0, CN-trad: 0)...
Imported 114000 entries, 139190 senses (CN-simp: 0, CN-trad: 0)...
Imported 115000 entries, 140318 senses (CN-simp: 0, CN-trad: 0)...
Imported 116000 entries, 141496 senses (CN-simp: 0, CN-trad: 0)...
Imported 117000 entries, 142634 senses (CN-simp: 0, CN-trad: 0)...
Imported 118000 entries, 143704 senses (CN-simp: 0, CN-trad: 0)...
Imported 119000 entries, 144724 senses (CN-simp: 0, CN-trad: 0)...
Imported 120000 entries, 145743 senses (CN-simp: 0, CN-trad: 0)...
Imported 121000 entries, 146773 senses (CN-simp: 0, CN-trad: 0)...
Imported 122000 entries, 147785 senses (CN-simp: 0, CN-trad: 0)...
Imported 123000 entries, 148798 senses (CN-simp: 0, CN-trad: 0)...
Imported 124000 entries, 149801 senses (CN-simp: 0, CN-trad: 0)...
Imported 125000 entries, 150814 senses (CN-simp: 0, CN-trad: 0)...
Imported 126000 entries, 151817 senses (CN-simp: 0, CN-trad: 0)...
Imported 127000 entries, 152825 senses (CN-simp: 0, CN-trad: 0)...
Imported 128000 entries, 153894 senses (CN-simp: 0, CN-trad: 0)...
Imported 129000 entries, 155069 senses (CN-simp: 0, CN-trad: 0)...
Imported 130000 entries, 156178 senses (CN-simp: 0, CN-trad: 0)...
Imported 131000 entries, 157279 senses (CN-simp: 0, CN-trad: 0)...
Imported 132000 entries, 158326 senses (CN-simp: 0, CN-trad: 0)...
Imported 133000 entries, 159435 senses (CN-simp: 0, CN-trad: 0)...
Imported 134000 entries, 160488 senses (CN-simp: 0, CN-trad: 0)...
Imported 135000 entries, 161535 senses (CN-simp: 0, CN-trad: 0)...
Imported 136000 entries, 162556 senses (CN-simp: 0, CN-trad: 0)...
Imported 137000 entries, 163573 senses (CN-simp: 0, CN-trad: 0)...
Imported 138000 entries, 164624 senses (CN-simp: 0, CN-trad: 0)...
Imported 139000 entries, 165716 senses (CN-simp: 0, CN-trad: 0)...
Imported 140000 entries, 166866 senses (CN-simp: 0, CN-trad: 0)...
Imported 141000 entries, 167927 senses (CN-simp: 0, CN-trad: 0)...
Imported 142000 entries, 168960 senses (CN-simp: 0, CN-trad: 0)...
Imported 143000 entries, 170049 senses (CN-simp: 0, CN-trad: 0)...
Imported 144000 entries, 171191 senses (CN-simp: 0, CN-trad: 0)...
Imported 145000 entries, 172330 senses (CN-simp: 0, CN-trad: 0)...
Imported 146000 entries, 173526 senses (CN-simp: 0, CN-trad: 0)...
Imported 147000 entries, 174626 senses (CN-simp: 0, CN-trad: 0)...
Imported 148000 entries, 175723 senses (CN-simp: 0, CN-trad: 0)...
Imported 149000 entries, 176799 senses (CN-simp: 0, CN-trad: 0)...
Imported 150000 entries, 177857 senses (CN-simp: 0, CN-trad: 0)...
Imported 151000 entries, 178963 senses (CN-simp: 0, CN-trad: 0)...
Imported 152000 entries, 180058 senses (CN-simp: 0, CN-trad: 0)...
Imported 153000 entries, 181145 senses (CN-simp: 0, CN-trad: 0)...
Imported 154000 entries, 182213 senses (CN-simp: 0, CN-trad: 0)...
Imported 155000 entries, 183314 senses (CN-simp: 0, CN-trad: 0)...
Imported 156000 entries, 184372 senses (CN-simp: 0, CN-trad: 0)...
Imported 157000 entries, 185494 senses (CN-simp: 0, CN-trad: 0)...
Imported 158000 entries, 186601 senses (CN-simp: 0, CN-trad: 0)...
Imported 159000 entries, 187729 senses (CN-simp: 0, CN-trad: 0)...
Imported 160000 entries, 188838 senses (CN-simp: 0, CN-trad: 0)...
Imported 161000 entries, 189957 senses (CN-simp: 0, CN-trad: 0)...
Imported 162000 entries, 191077 senses (CN-simp: 0, CN-trad: 0)...
Imported 163000 entries, 192188 senses (CN-simp: 0, CN-trad: 0)...
Imported 164000 entries, 193270 senses (CN-simp: 0, CN-trad: 0)...
Imported 165000 entries, 194366 senses (CN-simp: 0, CN-trad: 0)...
Imported 166000 entries, 195465 senses (CN-simp: 0, CN-trad: 0)...
Imported 167000 entries, 196545 senses (CN-simp: 0, CN-trad: 0)...
Imported 168000 entries, 197654 senses (CN-simp: 0, CN-trad: 0)...
Imported 169000 entries, 198748 senses (CN-simp: 0, CN-trad: 0)...
Imported 170000 entries, 199821 senses (CN-simp: 0, CN-trad: 0)...
Imported 171000 entries, 200892 senses (CN-simp: 0, CN-trad: 0)...
Imported 172000 entries, 201966 senses (CN-simp: 0, CN-trad: 0)...
Imported 173000 entries, 203036 senses (CN-simp: 0, CN-trad: 0)...
Imported 174000 entries, 204146 senses (CN-simp: 0, CN-trad: 0)...
Imported 175000 entries, 205235 senses (CN-simp: 0, CN-trad: 0)...
Imported 176000 entries, 206309 senses (CN-simp: 0, CN-trad: 0)...
Imported 177000 entries, 207404 senses (CN-simp: 0, CN-trad: 0)...
Imported 178000 entries, 208481 senses (CN-simp: 0, CN-trad: 0)...
Imported 179000 entries, 209562 senses (CN-simp: 0, CN-trad: 0)...
Imported 180000 entries, 210623 senses (CN-simp: 0, CN-trad: 0)...
Imported 181000 entries, 211688 senses (CN-simp: 0, CN-trad: 0)...
Imported 182000 entries, 212775 senses (CN-simp: 0, CN-trad: 0)...
Imported 183000 entries, 213877 senses (CN-simp: 0, CN-trad: 0)...
Imported 184000 entries, 215035 senses (CN-simp: 0, CN-trad: 0)...
Imported 185000 entries, 216149 senses (CN-simp: 0, CN-trad: 0)...
Imported 186000 entries, 217235 senses (CN-simp: 0, CN-trad: 0)...
Imported 187000 entries, 218333 senses (CN-simp: 0, CN-trad: 0)...
Imported 188000 entries, 219413 senses (CN-simp: 0, CN-trad: 0)...
Imported 189000 entries, 220487 senses (CN-simp: 0, CN-trad: 0)...
Imported 190000 entries, 221576 senses (CN-simp: 0, CN-trad: 0)...
Imported 191000 entries, 222661 senses (CN-simp: 0, CN-trad: 0)...
Imported 192000 entries, 223740 senses (CN-simp: 0, CN-trad: 0)...
Imported 193000 entries, 224798 senses (CN-simp: 0, CN-trad: 0)...
Imported 194000 entries, 225840 senses (CN-simp: 0, CN-trad: 0)...
Imported 195000 entries, 226923 senses (CN-simp: 0, CN-trad: 0)...
Imported 196000 entries, 227995 senses (CN-simp: 0, CN-trad: 0)...
Imported 197000 entries, 229057 senses (CN-simp: 0, CN-trad: 0)...
Imported 198000 entries, 230137 senses (CN-simp: 0, CN-trad: 0)...
Imported 199000 entries, 231242 senses (CN-simp: 0, CN-trad: 0)...
Imported 200000 entries, 232303 senses (CN-simp: 0, CN-trad: 0)...
Imported 201000 entries, 233361 senses (CN-simp: 0, CN-trad: 0)...
Imported 202000 entries, 234436 senses (CN-simp: 0, CN-trad: 0)...
Imported 203000 entries, 235547 senses (CN-simp: 0, CN-trad: 0)...
Imported 204000 entries, 236656 senses (CN-simp: 0, CN-trad: 0)...
Imported 205000 entries, 237710 senses (CN-simp: 0, CN-trad: 0)...
Imported 206000 entries, 238775 senses (CN-simp: 0, CN-trad: 0)...
Imported 207000 entries, 239836 senses (CN-simp: 0, CN-trad: 0)...
Imported 208000 entries, 240918 senses (CN-simp: 0, CN-trad: 0)...
Imported 209000 entries, 241941 senses (CN-simp: 0, CN-trad: 0)...
Imported 210000 entries, 242957 senses (CN-simp: 0, CN-trad: 0)...
Imported 211000 entries, 243963 senses (CN-simp: 0, CN-trad: 0)...
Imported 212000 entries, 244984 senses (CN-simp: 0, CN-trad: 0)...
Imported 213000 entries, 246000 senses (CN-simp: 0, CN-trad: 0)...

=== Import Complete ===
Total entries: 213,730
Total senses: 246,742
Senses with Chinese (Simplified): 0
Senses with Chinese (Traditional): 0

=== Database Statistics ===
Dictionary entries: 427,460
Word senses: 493,484
FTS index: 427,460
Entries with Simplified Chinese: 0 (0.00%)
Entries with Traditional Chinese: 0 (0.00%)

✅ Import completed successfully!
